2019-11-12 17:51:09.064  INFO Shadik-Laptop --- [           main] .b.t.c.SpringBootTestContextBootstrapper : Neither @ContextConfiguration nor @ContextHierarchy found for test class [dmp.DmpAdminPanelApplicationTests], using SpringBootContextLoader
2019-11-12 17:51:09.081  INFO Shadik-Laptop --- [           main] o.s.t.c.s.AbstractContextLoader          : Could not detect default resource locations for test class [dmp.DmpAdminPanelApplicationTests]: no resource found for suffixes {-context.xml, Context.groovy}.
2019-11-12 17:51:09.083  INFO Shadik-Laptop --- [           main] t.c.s.AnnotationConfigContextLoaderUtils : Could not detect default configuration classes for test class [dmp.DmpAdminPanelApplicationTests]: DmpAdminPanelApplicationTests does not declare any static, non-private, non-final, nested classes annotated with @Configuration.
2019-11-12 17:51:09.254  INFO Shadik-Laptop --- [           main] .b.t.c.SpringBootTestContextBootstrapper : Found @SpringBootConfiguration dmp.DmpAdminPanelApplication for test class dmp.DmpAdminPanelApplicationTests
2019-11-12 17:51:09.762  INFO Shadik-Laptop --- [           main] .b.t.c.SpringBootTestContextBootstrapper : Loaded default TestExecutionListener class names from location [META-INF/spring.factories]: [org.springframework.boot.test.mock.mockito.MockitoTestExecutionListener, org.springframework.boot.test.mock.mockito.ResetMocksTestExecutionListener, org.springframework.boot.test.autoconfigure.restdocs.RestDocsTestExecutionListener, org.springframework.boot.test.autoconfigure.web.client.MockRestServiceServerResetTestExecutionListener, org.springframework.boot.test.autoconfigure.web.servlet.MockMvcPrintOnlyOnFailureTestExecutionListener, org.springframework.boot.test.autoconfigure.web.servlet.WebDriverTestExecutionListener, org.springframework.test.context.web.ServletTestExecutionListener, org.springframework.test.context.support.DirtiesContextBeforeModesTestExecutionListener, org.springframework.test.context.support.DependencyInjectionTestExecutionListener, org.springframework.test.context.support.DirtiesContextTestExecutionListener, org.springframework.test.context.transaction.TransactionalTestExecutionListener, org.springframework.test.context.jdbc.SqlScriptsTestExecutionListener]
2019-11-12 17:51:09.814  INFO Shadik-Laptop --- [           main] .b.t.c.SpringBootTestContextBootstrapper : Using TestExecutionListeners: [org.springframework.test.context.web.ServletTestExecutionListener@6f3187b0, org.springframework.test.context.support.DirtiesContextBeforeModesTestExecutionListener@2663e964, org.springframework.boot.test.mock.mockito.MockitoTestExecutionListener@48b67364, org.springframework.boot.test.autoconfigure.SpringBootDependencyInjectionTestExecutionListener@189cbd7c, org.springframework.test.context.support.DirtiesContextTestExecutionListener@7bf3a5d8, org.springframework.test.context.transaction.TransactionalTestExecutionListener@42e25b0b, org.springframework.test.context.jdbc.SqlScriptsTestExecutionListener@39b43d60, org.springframework.boot.test.mock.mockito.ResetMocksTestExecutionListener@44be0077, org.springframework.boot.test.autoconfigure.restdocs.RestDocsTestExecutionListener@2205a05d, org.springframework.boot.test.autoconfigure.web.client.MockRestServiceServerResetTestExecutionListener@72ef8d15, org.springframework.boot.test.autoconfigure.web.servlet.MockMvcPrintOnlyOnFailureTestExecutionListener@6aa8e115, org.springframework.boot.test.autoconfigure.web.servlet.WebDriverTestExecutionListener@5e21e98f]
2019-11-12 17:51:10.421  INFO Shadik-Laptop --- [           main] d.DmpAdminPanelApplicationTests          : Starting DmpAdminPanelApplicationTests on Shadik-Laptop with PID 3132 (started by shadik in F:\projects\dmp\dmpAdminPanel)
2019-11-12 17:51:10.422  INFO Shadik-Laptop --- [           main] d.DmpAdminPanelApplicationTests          : No active profile set, falling back to default profiles: default
2019-11-12 17:51:14.633  INFO Shadik-Laptop --- [           main] .s.d.r.c.RepositoryConfigurationDelegate : Bootstrapping Spring Data repositories in DEFAULT mode.
2019-11-12 17:51:15.180  INFO Shadik-Laptop --- [           main] .s.d.r.c.RepositoryConfigurationDelegate : Finished Spring Data repository scanning in 509ms. Found 4 repository interfaces.
2019-11-12 17:51:17.007  INFO Shadik-Laptop --- [           main] trationDelegate$BeanPostProcessorChecker : Bean 'org.springframework.transaction.annotation.ProxyTransactionManagementConfiguration' of type [org.springframework.transaction.annotation.ProxyTransactionManagementConfiguration$$EnhancerBySpringCGLIB$$4156dad4] is not eligible for getting processed by all BeanPostProcessors (for example: not eligible for auto-proxying)
2019-11-12 17:51:17.792  INFO Shadik-Laptop --- [           main] c.z.h.HikariDataSource                   : HikariPool-1 - Starting...
2019-11-12 17:51:17.797  WARN Shadik-Laptop --- [           main] c.z.h.u.DriverDataSource                 : Registered driver with driverClassName=com.mysql.jdbc.Driver was not found, trying direct instantiation.
2019-11-12 17:51:18.205  INFO Shadik-Laptop --- [           main] c.z.h.HikariDataSource                   : HikariPool-1 - Start completed.
2019-11-12 17:51:18.828  INFO Shadik-Laptop --- [           main] o.h.j.i.u.LogHelper                      : HHH000204: Processing PersistenceUnitInfo [
	name: default
	...]
2019-11-12 17:51:19.000  INFO Shadik-Laptop --- [           main] o.h.Version                              : HHH000412: Hibernate Core {5.3.7.Final}
2019-11-12 17:51:19.003  INFO Shadik-Laptop --- [           main] o.h.c.Environment                        : HHH000206: hibernate.properties not found
2019-11-12 17:51:19.452  INFO Shadik-Laptop --- [           main] o.h.a.c.Version                          : HCANN000001: Hibernate Commons Annotations {5.0.4.Final}
2019-11-12 17:51:20.657  INFO Shadik-Laptop --- [           main] o.h.d.Dialect                            : HHH000400: Using dialect: org.hibernate.dialect.MySQL5Dialect
2019-11-12 17:51:23.937  INFO Shadik-Laptop --- [           main] j.LocalContainerEntityManagerFactoryBean : Initialized JPA EntityManagerFactory for persistence unit 'default'
2019-11-12 17:51:27.437  INFO Shadik-Laptop --- [           main] o.s.s.c.ThreadPoolTaskExecutor           : Initializing ExecutorService 'applicationTaskExecutor'
2019-11-12 17:51:27.617  WARN Shadik-Laptop --- [           main] aWebConfiguration$JpaWebMvcConfiguration : spring.jpa.open-in-view is enabled by default. Therefore, database queries may be performed during view rendering. Explicitly configure spring.jpa.open-in-view to disable this warning
2019-11-12 17:51:29.052  INFO Shadik-Laptop --- [           main] o.s.b.a.w.s.WelcomePageHandlerMapping    : Adding welcome page template: index
2019-11-12 17:51:30.608  INFO Shadik-Laptop --- [           main] o.s.b.a.e.w.EndpointLinksResolver        : Exposing 2 endpoint(s) beneath base path '/actuator'
2019-11-12 17:51:30.744  INFO Shadik-Laptop --- [           main] d.DmpAdminPanelApplicationTests          : Started DmpAdminPanelApplicationTests in 20.857 seconds (JVM running for 24.254)
2019-11-12 17:51:31.230  INFO Shadik-Laptop --- [       Thread-5] o.s.s.c.ThreadPoolTaskExecutor           : Shutting down ExecutorService 'applicationTaskExecutor'
2019-11-12 17:51:31.237  INFO Shadik-Laptop --- [       Thread-5] j.LocalContainerEntityManagerFactoryBean : Closing JPA EntityManagerFactory for persistence unit 'default'
2019-11-12 17:51:31.241  INFO Shadik-Laptop --- [       Thread-5] c.z.h.HikariDataSource                   : HikariPool-1 - Shutdown initiated...
2019-11-12 17:51:31.255  INFO Shadik-Laptop --- [       Thread-5] c.z.h.HikariDataSource                   : HikariPool-1 - Shutdown completed.
2019-11-12 17:52:04.128  INFO Shadik-Laptop --- [           main] .b.t.c.SpringBootTestContextBootstrapper : Neither @ContextConfiguration nor @ContextHierarchy found for test class [dmp.DmpAdminPanelApplicationTests], using SpringBootContextLoader
2019-11-12 17:52:04.140  INFO Shadik-Laptop --- [           main] o.s.t.c.s.AbstractContextLoader          : Could not detect default resource locations for test class [dmp.DmpAdminPanelApplicationTests]: no resource found for suffixes {-context.xml, Context.groovy}.
2019-11-12 17:52:04.141  INFO Shadik-Laptop --- [           main] t.c.s.AnnotationConfigContextLoaderUtils : Could not detect default configuration classes for test class [dmp.DmpAdminPanelApplicationTests]: DmpAdminPanelApplicationTests does not declare any static, non-private, non-final, nested classes annotated with @Configuration.
2019-11-12 17:52:04.325  INFO Shadik-Laptop --- [           main] .b.t.c.SpringBootTestContextBootstrapper : Found @SpringBootConfiguration dmp.DmpAdminPanelApplication for test class dmp.DmpAdminPanelApplicationTests
2019-11-12 17:52:04.665  INFO Shadik-Laptop --- [           main] .b.t.c.SpringBootTestContextBootstrapper : Loaded default TestExecutionListener class names from location [META-INF/spring.factories]: [org.springframework.boot.test.mock.mockito.MockitoTestExecutionListener, org.springframework.boot.test.mock.mockito.ResetMocksTestExecutionListener, org.springframework.boot.test.autoconfigure.restdocs.RestDocsTestExecutionListener, org.springframework.boot.test.autoconfigure.web.client.MockRestServiceServerResetTestExecutionListener, org.springframework.boot.test.autoconfigure.web.servlet.MockMvcPrintOnlyOnFailureTestExecutionListener, org.springframework.boot.test.autoconfigure.web.servlet.WebDriverTestExecutionListener, org.springframework.test.context.web.ServletTestExecutionListener, org.springframework.test.context.support.DirtiesContextBeforeModesTestExecutionListener, org.springframework.test.context.support.DependencyInjectionTestExecutionListener, org.springframework.test.context.support.DirtiesContextTestExecutionListener, org.springframework.test.context.transaction.TransactionalTestExecutionListener, org.springframework.test.context.jdbc.SqlScriptsTestExecutionListener]
2019-11-12 17:52:04.736  INFO Shadik-Laptop --- [           main] .b.t.c.SpringBootTestContextBootstrapper : Using TestExecutionListeners: [org.springframework.test.context.web.ServletTestExecutionListener@6f3187b0, org.springframework.test.context.support.DirtiesContextBeforeModesTestExecutionListener@2663e964, org.springframework.boot.test.mock.mockito.MockitoTestExecutionListener@48b67364, org.springframework.boot.test.autoconfigure.SpringBootDependencyInjectionTestExecutionListener@189cbd7c, org.springframework.test.context.support.DirtiesContextTestExecutionListener@7bf3a5d8, org.springframework.test.context.transaction.TransactionalTestExecutionListener@42e25b0b, org.springframework.test.context.jdbc.SqlScriptsTestExecutionListener@39b43d60, org.springframework.boot.test.mock.mockito.ResetMocksTestExecutionListener@44be0077, org.springframework.boot.test.autoconfigure.restdocs.RestDocsTestExecutionListener@2205a05d, org.springframework.boot.test.autoconfigure.web.client.MockRestServiceServerResetTestExecutionListener@72ef8d15, org.springframework.boot.test.autoconfigure.web.servlet.MockMvcPrintOnlyOnFailureTestExecutionListener@6aa8e115, org.springframework.boot.test.autoconfigure.web.servlet.WebDriverTestExecutionListener@5e21e98f]
2019-11-12 17:52:05.342  INFO Shadik-Laptop --- [           main] d.DmpAdminPanelApplicationTests          : Starting DmpAdminPanelApplicationTests on Shadik-Laptop with PID 18388 (started by shadik in F:\projects\dmp\dmpAdminPanel)
2019-11-12 17:52:05.344  INFO Shadik-Laptop --- [           main] d.DmpAdminPanelApplicationTests          : No active profile set, falling back to default profiles: default
2019-11-12 17:52:07.915  INFO Shadik-Laptop --- [           main] .s.d.r.c.RepositoryConfigurationDelegate : Bootstrapping Spring Data repositories in DEFAULT mode.
2019-11-12 17:52:08.051  INFO Shadik-Laptop --- [           main] .s.d.r.c.RepositoryConfigurationDelegate : Finished Spring Data repository scanning in 122ms. Found 4 repository interfaces.
2019-11-12 17:52:09.123  INFO Shadik-Laptop --- [           main] trationDelegate$BeanPostProcessorChecker : Bean 'org.springframework.transaction.annotation.ProxyTransactionManagementConfiguration' of type [org.springframework.transaction.annotation.ProxyTransactionManagementConfiguration$$EnhancerBySpringCGLIB$$729f9739] is not eligible for getting processed by all BeanPostProcessors (for example: not eligible for auto-proxying)
2019-11-12 17:52:09.622  INFO Shadik-Laptop --- [           main] c.z.h.HikariDataSource                   : HikariPool-1 - Starting...
2019-11-12 17:52:09.629  WARN Shadik-Laptop --- [           main] c.z.h.u.DriverDataSource                 : Registered driver with driverClassName=com.mysql.jdbc.Driver was not found, trying direct instantiation.
2019-11-12 17:52:10.016  INFO Shadik-Laptop --- [           main] c.z.h.HikariDataSource                   : HikariPool-1 - Start completed.
2019-11-12 17:52:10.119  INFO Shadik-Laptop --- [           main] o.h.j.i.u.LogHelper                      : HHH000204: Processing PersistenceUnitInfo [
	name: default
	...]
2019-11-12 17:52:10.257  INFO Shadik-Laptop --- [           main] o.h.Version                              : HHH000412: Hibernate Core {5.3.7.Final}
2019-11-12 17:52:10.259  INFO Shadik-Laptop --- [           main] o.h.c.Environment                        : HHH000206: hibernate.properties not found
2019-11-12 17:52:10.536  INFO Shadik-Laptop --- [           main] o.h.a.c.Version                          : HCANN000001: Hibernate Commons Annotations {5.0.4.Final}
2019-11-12 17:52:11.256  INFO Shadik-Laptop --- [           main] o.h.d.Dialect                            : HHH000400: Using dialect: org.hibernate.dialect.MySQL5Dialect
2019-11-12 17:52:13.234  INFO Shadik-Laptop --- [           main] j.LocalContainerEntityManagerFactoryBean : Initialized JPA EntityManagerFactory for persistence unit 'default'
2019-11-12 17:52:15.537  INFO Shadik-Laptop --- [           main] o.s.s.c.ThreadPoolTaskExecutor           : Initializing ExecutorService 'applicationTaskExecutor'
2019-11-12 17:52:15.660  WARN Shadik-Laptop --- [           main] aWebConfiguration$JpaWebMvcConfiguration : spring.jpa.open-in-view is enabled by default. Therefore, database queries may be performed during view rendering. Explicitly configure spring.jpa.open-in-view to disable this warning
2019-11-12 17:52:16.565  INFO Shadik-Laptop --- [           main] o.s.b.a.w.s.WelcomePageHandlerMapping    : Adding welcome page template: index
2019-11-12 17:52:18.198  INFO Shadik-Laptop --- [           main] o.s.b.a.e.w.EndpointLinksResolver        : Exposing 2 endpoint(s) beneath base path '/actuator'
2019-11-12 17:52:18.353  INFO Shadik-Laptop --- [           main] d.DmpAdminPanelApplicationTests          : Started DmpAdminPanelApplicationTests in 13.545 seconds (JVM running for 15.671)
2019-11-12 17:52:18.599  INFO Shadik-Laptop --- [       Thread-5] o.s.s.c.ThreadPoolTaskExecutor           : Shutting down ExecutorService 'applicationTaskExecutor'
2019-11-12 17:52:18.607  INFO Shadik-Laptop --- [       Thread-5] j.LocalContainerEntityManagerFactoryBean : Closing JPA EntityManagerFactory for persistence unit 'default'
2019-11-12 17:52:18.614  INFO Shadik-Laptop --- [       Thread-5] c.z.h.HikariDataSource                   : HikariPool-1 - Shutdown initiated...
2019-11-12 17:52:18.670  INFO Shadik-Laptop --- [       Thread-5] c.z.h.HikariDataSource                   : HikariPool-1 - Shutdown completed.
2019-11-12 17:53:13.702  INFO Shadik-Laptop --- [  restartedMain] d.DmpAdminPanelApplication               : Starting DmpAdminPanelApplication on Shadik-Laptop with PID 11848 (F:\projects\dmp\dmpAdminPanel\target\classes started by shadik in F:\projects\dmp\dmpAdminPanel)
2019-11-12 17:53:13.755  INFO Shadik-Laptop --- [  restartedMain] d.DmpAdminPanelApplication               : No active profile set, falling back to default profiles: default
2019-11-12 17:53:14.293  INFO Shadik-Laptop --- [  restartedMain] .e.DevToolsPropertyDefaultsPostProcessor : Devtools property defaults active! Set 'spring.devtools.add-properties' to 'false' to disable
2019-11-12 17:53:14.293  INFO Shadik-Laptop --- [  restartedMain] .e.DevToolsPropertyDefaultsPostProcessor : For additional web related logging consider setting the 'logging.level.web' property to 'DEBUG'
2019-11-12 17:53:16.006  INFO Shadik-Laptop --- [  restartedMain] .s.d.r.c.RepositoryConfigurationDelegate : Bootstrapping Spring Data repositories in DEFAULT mode.
2019-11-12 17:53:16.116  INFO Shadik-Laptop --- [  restartedMain] .s.d.r.c.RepositoryConfigurationDelegate : Finished Spring Data repository scanning in 101ms. Found 4 repository interfaces.
2019-11-12 17:53:16.935  INFO Shadik-Laptop --- [  restartedMain] trationDelegate$BeanPostProcessorChecker : Bean 'org.springframework.transaction.annotation.ProxyTransactionManagementConfiguration' of type [org.springframework.transaction.annotation.ProxyTransactionManagementConfiguration$$EnhancerBySpringCGLIB$$e1eb2102] is not eligible for getting processed by all BeanPostProcessors (for example: not eligible for auto-proxying)
2019-11-12 17:53:18.220  INFO Shadik-Laptop --- [  restartedMain] o.s.b.w.e.t.TomcatWebServer              : Tomcat initialized with port(s): 8080 (http)
2019-11-12 17:53:18.240  INFO Shadik-Laptop --- [  restartedMain] o.a.c.h.Http11NioProtocol                : Initializing ProtocolHandler ["http-nio-8080"]
2019-11-12 17:53:18.263  INFO Shadik-Laptop --- [  restartedMain] o.a.c.c.StandardService                  : Starting service [Tomcat]
2019-11-12 17:53:18.264  INFO Shadik-Laptop --- [  restartedMain] o.a.c.c.StandardEngine                   : Starting Servlet engine: [Apache Tomcat/9.0.14]
2019-11-12 17:53:18.284  INFO Shadik-Laptop --- [  restartedMain] o.a.c.c.AprLifecycleListener             : The APR based Apache Tomcat Native library which allows optimal performance in production environments was not found on the java.library.path: [C:\Program Files\Java\jdk1.8.0_131\bin;C:\WINDOWS\Sun\Java\bin;C:\WINDOWS\system32;C:\WINDOWS;C:\ProgramData\DockerDesktop\version-bin;C:\Program Files\Docker\Docker\Resources\bin;E:\app\shadik\product\11.2.0\client_1\bin;C:\ProgramData\Oracle\Java\javapath;C:\Program Files (x86)\Intel\iCLS Client\;C:\Program Files\Intel\iCLS Client\;C:\WINDOWS\system32;C:\WINDOWS;C:\WINDOWS\System32\Wbem;C:\WINDOWS\System32\WindowsPowerShell\v1.0\;C:\Program Files (x86)\Intel\Intel(R) Management Engine Components\DAL;C:\Program Files\Intel\Intel(R) Management Engine Components\DAL;C:\Program Files (x86)\Intel\Intel(R) Management Engine Components\IPT;C:\Program Files\Intel\Intel(R) Management Engine Components\IPT;C:\Program Files (x86)\Windows Kits\8.1\Windows Performance Toolkit\;C:\Program Files\Microsoft SQL Server\110\Tools\Binn\;C:\Program Files (x86)\Microsoft SQL Server\110\Tools\Binn\;C:\Program Files\Microsoft SQL Server\110\DTS\Binn\;C:\Program Files (x86)\Microsoft SQL Server\110\Tools\Binn\ManagementStudio\;C:\Program Files (x86)\Microsoft Visual Studio 10.0\Common7\IDE\PrivateAssemblies\;C:\Program Files (x86)\Microsoft SQL Server\110\DTS\Binn\;C:\maven\apache-maven-3.5.0\bin;C:\Program Files\Java\jdk1.8.0_131\bin;C:\opencv\build\x86\vc10\bin;C:\WINDOWS\System32\OpenSSH\;C:\Program Files\Intel\WiFi\bin\;C:\Program Files\Common Files\Intel\WirelessCommon\;C:\Program Files\nodejs\;C:\Program Files\Git\cmd;C:\xampp\mysql\bin;C:\Program Files\Java\jdk1.8.0_131\bin;C:\Users\shadik\AppData\Local\Microsoft\WindowsApps;C:\Users\shadik\AppData\Roaming\npm;C:\Users\shadik\AppData\Local\Programs\Microsoft VS Code\bin;;.]
2019-11-12 17:53:18.548  INFO Shadik-Laptop --- [  restartedMain] o.a.c.c.C.[.[.[/]                        : Initializing Spring embedded WebApplicationContext
2019-11-12 17:53:18.549  INFO Shadik-Laptop --- [  restartedMain] o.s.w.c.ContextLoader                    : Root WebApplicationContext: initialization completed in 4256 ms
2019-11-12 17:53:19.507  INFO Shadik-Laptop --- [  restartedMain] c.z.h.HikariDataSource                   : HikariPool-1 - Starting...
2019-11-12 17:53:19.514  WARN Shadik-Laptop --- [  restartedMain] c.z.h.u.DriverDataSource                 : Registered driver with driverClassName=com.mysql.jdbc.Driver was not found, trying direct instantiation.
2019-11-12 17:53:19.809  INFO Shadik-Laptop --- [  restartedMain] c.z.h.HikariDataSource                   : HikariPool-1 - Start completed.
2019-11-12 17:53:19.877  INFO Shadik-Laptop --- [  restartedMain] o.h.j.i.u.LogHelper                      : HHH000204: Processing PersistenceUnitInfo [
	name: default
	...]
2019-11-12 17:53:20.036  INFO Shadik-Laptop --- [  restartedMain] o.h.Version                              : HHH000412: Hibernate Core {5.3.7.Final}
2019-11-12 17:53:20.038  INFO Shadik-Laptop --- [  restartedMain] o.h.c.Environment                        : HHH000206: hibernate.properties not found
2019-11-12 17:53:20.425  INFO Shadik-Laptop --- [  restartedMain] o.h.a.c.Version                          : HCANN000001: Hibernate Commons Annotations {5.0.4.Final}
2019-11-12 17:53:20.793  INFO Shadik-Laptop --- [  restartedMain] o.h.d.Dialect                            : HHH000400: Using dialect: org.hibernate.dialect.MySQL5Dialect
2019-11-12 17:53:22.489  INFO Shadik-Laptop --- [  restartedMain] j.LocalContainerEntityManagerFactoryBean : Initialized JPA EntityManagerFactory for persistence unit 'default'
2019-11-12 17:53:22.525  INFO Shadik-Laptop --- [  restartedMain] o.s.b.d.a.OptionalLiveReloadServer       : LiveReload server is running on port 35729
2019-11-12 17:53:23.755  INFO Shadik-Laptop --- [  restartedMain] o.s.s.c.ThreadPoolTaskExecutor           : Initializing ExecutorService 'applicationTaskExecutor'
2019-11-12 17:53:23.843  WARN Shadik-Laptop --- [  restartedMain] aWebConfiguration$JpaWebMvcConfiguration : spring.jpa.open-in-view is enabled by default. Therefore, database queries may be performed during view rendering. Explicitly configure spring.jpa.open-in-view to disable this warning
2019-11-12 17:53:24.566  INFO Shadik-Laptop --- [  restartedMain] o.s.b.a.w.s.WelcomePageHandlerMapping    : Adding welcome page template: index
2019-11-12 17:53:25.003  INFO Shadik-Laptop --- [  restartedMain] o.s.b.a.e.w.EndpointLinksResolver        : Exposing 2 endpoint(s) beneath base path '/actuator'
2019-11-12 17:53:25.127  INFO Shadik-Laptop --- [  restartedMain] o.a.c.h.Http11NioProtocol                : Starting ProtocolHandler ["http-nio-8080"]
2019-11-12 17:53:25.253  INFO Shadik-Laptop --- [  restartedMain] o.s.b.w.e.t.TomcatWebServer              : Tomcat started on port(s): 8080 (http) with context path ''
2019-11-12 17:53:25.258  INFO Shadik-Laptop --- [  restartedMain] d.DmpAdminPanelApplication               : Started DmpAdminPanelApplication in 12.188 seconds (JVM running for 13.331)
2019-11-12 17:53:49.112  INFO Shadik-Laptop --- [io-8080-exec-10] o.a.c.c.C.[.[.[/]                        : Initializing Spring DispatcherServlet 'dispatcherServlet'
2019-11-12 17:53:49.112  INFO Shadik-Laptop --- [io-8080-exec-10] o.s.w.s.DispatcherServlet                : Initializing Servlet 'dispatcherServlet'
2019-11-12 17:53:49.130  INFO Shadik-Laptop --- [io-8080-exec-10] o.s.w.s.DispatcherServlet                : Completed initialization in 18 ms
2019-11-12 17:54:02.125  INFO Shadik-Laptop --- [nio-8080-exec-7] o.h.h.i.QueryTranslatorFactoryInitiator  : HHH000397: Using ASTQueryTranslatorFactory
2019-11-12 17:57:37.131  INFO Shadik-Laptop --- [  restartedMain] d.DmpAdminPanelApplication               : Starting DmpAdminPanelApplication on Shadik-Laptop with PID 1708 (F:\projects\dmp\dmpAdminPanel\target\classes started by shadik in F:\projects\dmp\dmpAdminPanel)
2019-11-12 17:57:37.143  INFO Shadik-Laptop --- [  restartedMain] d.DmpAdminPanelApplication               : No active profile set, falling back to default profiles: default
2019-11-12 17:57:37.559  INFO Shadik-Laptop --- [  restartedMain] .e.DevToolsPropertyDefaultsPostProcessor : Devtools property defaults active! Set 'spring.devtools.add-properties' to 'false' to disable
2019-11-12 17:57:37.560  INFO Shadik-Laptop --- [  restartedMain] .e.DevToolsPropertyDefaultsPostProcessor : For additional web related logging consider setting the 'logging.level.web' property to 'DEBUG'
2019-11-12 17:57:39.229  INFO Shadik-Laptop --- [  restartedMain] .s.d.r.c.RepositoryConfigurationDelegate : Bootstrapping Spring Data repositories in DEFAULT mode.
2019-11-12 17:57:39.336  INFO Shadik-Laptop --- [  restartedMain] .s.d.r.c.RepositoryConfigurationDelegate : Finished Spring Data repository scanning in 97ms. Found 4 repository interfaces.
2019-11-12 17:57:40.229  INFO Shadik-Laptop --- [  restartedMain] trationDelegate$BeanPostProcessorChecker : Bean 'org.springframework.transaction.annotation.ProxyTransactionManagementConfiguration' of type [org.springframework.transaction.annotation.ProxyTransactionManagementConfiguration$$EnhancerBySpringCGLIB$$5371bd06] is not eligible for getting processed by all BeanPostProcessors (for example: not eligible for auto-proxying)
2019-11-12 17:57:41.172  INFO Shadik-Laptop --- [  restartedMain] o.s.b.w.e.t.TomcatWebServer              : Tomcat initialized with port(s): 8080 (http)
2019-11-12 17:57:41.196  INFO Shadik-Laptop --- [  restartedMain] o.a.c.h.Http11NioProtocol                : Initializing ProtocolHandler ["http-nio-8080"]
2019-11-12 17:57:41.215  INFO Shadik-Laptop --- [  restartedMain] o.a.c.c.StandardService                  : Starting service [Tomcat]
2019-11-12 17:57:41.216  INFO Shadik-Laptop --- [  restartedMain] o.a.c.c.StandardEngine                   : Starting Servlet engine: [Apache Tomcat/9.0.14]
2019-11-12 17:57:41.235  INFO Shadik-Laptop --- [  restartedMain] o.a.c.c.AprLifecycleListener             : The APR based Apache Tomcat Native library which allows optimal performance in production environments was not found on the java.library.path: [C:\Program Files\Java\jdk1.8.0_131\bin;C:\WINDOWS\Sun\Java\bin;C:\WINDOWS\system32;C:\WINDOWS;C:\ProgramData\DockerDesktop\version-bin;C:\Program Files\Docker\Docker\Resources\bin;E:\app\shadik\product\11.2.0\client_1\bin;C:\ProgramData\Oracle\Java\javapath;C:\Program Files (x86)\Intel\iCLS Client\;C:\Program Files\Intel\iCLS Client\;C:\WINDOWS\system32;C:\WINDOWS;C:\WINDOWS\System32\Wbem;C:\WINDOWS\System32\WindowsPowerShell\v1.0\;C:\Program Files (x86)\Intel\Intel(R) Management Engine Components\DAL;C:\Program Files\Intel\Intel(R) Management Engine Components\DAL;C:\Program Files (x86)\Intel\Intel(R) Management Engine Components\IPT;C:\Program Files\Intel\Intel(R) Management Engine Components\IPT;C:\Program Files (x86)\Windows Kits\8.1\Windows Performance Toolkit\;C:\Program Files\Microsoft SQL Server\110\Tools\Binn\;C:\Program Files (x86)\Microsoft SQL Server\110\Tools\Binn\;C:\Program Files\Microsoft SQL Server\110\DTS\Binn\;C:\Program Files (x86)\Microsoft SQL Server\110\Tools\Binn\ManagementStudio\;C:\Program Files (x86)\Microsoft Visual Studio 10.0\Common7\IDE\PrivateAssemblies\;C:\Program Files (x86)\Microsoft SQL Server\110\DTS\Binn\;C:\maven\apache-maven-3.5.0\bin;C:\Program Files\Java\jdk1.8.0_131\bin;C:\opencv\build\x86\vc10\bin;C:\WINDOWS\System32\OpenSSH\;C:\Program Files\Intel\WiFi\bin\;C:\Program Files\Common Files\Intel\WirelessCommon\;C:\Program Files\nodejs\;C:\Program Files\Git\cmd;C:\xampp\mysql\bin;C:\Program Files\Java\jdk1.8.0_131\bin;C:\Users\shadik\AppData\Local\Microsoft\WindowsApps;C:\Users\shadik\AppData\Roaming\npm;C:\Users\shadik\AppData\Local\Programs\Microsoft VS Code\bin;;.]
2019-11-12 17:57:41.469  INFO Shadik-Laptop --- [  restartedMain] o.a.c.c.C.[.[.[/]                        : Initializing Spring embedded WebApplicationContext
2019-11-12 17:57:41.470  INFO Shadik-Laptop --- [  restartedMain] o.s.w.c.ContextLoader                    : Root WebApplicationContext: initialization completed in 3910 ms
2019-11-12 17:57:42.483  INFO Shadik-Laptop --- [  restartedMain] c.z.h.HikariDataSource                   : HikariPool-1 - Starting...
2019-11-12 17:57:42.502  WARN Shadik-Laptop --- [  restartedMain] c.z.h.u.DriverDataSource                 : Registered driver with driverClassName=com.mysql.jdbc.Driver was not found, trying direct instantiation.
2019-11-12 17:57:42.790  INFO Shadik-Laptop --- [  restartedMain] c.z.h.HikariDataSource                   : HikariPool-1 - Start completed.
2019-11-12 17:57:42.873  INFO Shadik-Laptop --- [  restartedMain] o.h.j.i.u.LogHelper                      : HHH000204: Processing PersistenceUnitInfo [
	name: default
	...]
2019-11-12 17:57:43.046  INFO Shadik-Laptop --- [  restartedMain] o.h.Version                              : HHH000412: Hibernate Core {5.3.7.Final}
2019-11-12 17:57:43.049  INFO Shadik-Laptop --- [  restartedMain] o.h.c.Environment                        : HHH000206: hibernate.properties not found
2019-11-12 17:57:43.295  INFO Shadik-Laptop --- [  restartedMain] o.h.a.c.Version                          : HCANN000001: Hibernate Commons Annotations {5.0.4.Final}
2019-11-12 17:57:43.638  INFO Shadik-Laptop --- [  restartedMain] o.h.d.Dialect                            : HHH000400: Using dialect: org.hibernate.dialect.MySQL5Dialect
2019-11-12 17:57:45.612  INFO Shadik-Laptop --- [  restartedMain] j.LocalContainerEntityManagerFactoryBean : Initialized JPA EntityManagerFactory for persistence unit 'default'
2019-11-12 17:57:45.687  INFO Shadik-Laptop --- [  restartedMain] o.s.b.d.a.OptionalLiveReloadServer       : LiveReload server is running on port 35729
2019-11-12 17:57:46.815  INFO Shadik-Laptop --- [  restartedMain] o.s.s.c.ThreadPoolTaskExecutor           : Initializing ExecutorService 'applicationTaskExecutor'
2019-11-12 17:57:46.903  WARN Shadik-Laptop --- [  restartedMain] aWebConfiguration$JpaWebMvcConfiguration : spring.jpa.open-in-view is enabled by default. Therefore, database queries may be performed during view rendering. Explicitly configure spring.jpa.open-in-view to disable this warning
2019-11-12 17:57:47.747  INFO Shadik-Laptop --- [  restartedMain] o.s.b.a.w.s.WelcomePageHandlerMapping    : Adding welcome page template: index
2019-11-12 17:57:48.270  INFO Shadik-Laptop --- [  restartedMain] o.s.b.a.e.w.EndpointLinksResolver        : Exposing 2 endpoint(s) beneath base path '/actuator'
2019-11-12 17:57:48.353  INFO Shadik-Laptop --- [  restartedMain] o.a.c.h.Http11NioProtocol                : Starting ProtocolHandler ["http-nio-8080"]
2019-11-12 17:57:48.387  INFO Shadik-Laptop --- [  restartedMain] o.s.b.w.e.t.TomcatWebServer              : Tomcat started on port(s): 8080 (http) with context path ''
2019-11-12 17:57:48.394  INFO Shadik-Laptop --- [  restartedMain] d.DmpAdminPanelApplication               : Started DmpAdminPanelApplication in 11.839 seconds (JVM running for 12.906)
